<?xml version="1.0" encoding="utf-8"?><testsuites name="pytest tests"><testsuite name="pytest" errors="0" failures="0" skipped="0" tests="13" time="4.943" timestamp="2026-04-08T14:17:30.195865+00:00" hostname="agent-env-f7e5acf8-7c70-40b6-840f-2eb5a03f7fa5"><testcase classname="backend.tests.test_presence_logic.TestMutualExclusivity" name="test_checkin_sets_presence_to_here" time="1.032" /><testcase classname="backend.tests.test_presence_logic.TestMutualExclusivity" name="test_not_here_auto_checkouts_from_venue" time="0.569" /><testcase classname="backend.tests.test_presence_logic.TestMutualExclusivity" name="test_not_here_sets_presence_to_not_here" time="0.355" /><testcase classname="backend.tests.test_presence_logic.TestSelfCardVisibility" name="test_self_card_in_not_here_mode" time="0.248" /><testcase classname="backend.tests.test_presence_logic.TestSelfCardVisibility" name="test_self_card_in_venue_people_list" time="0.249" /><testcase classname="backend.tests.test_presence_logic.TestSelfCardVisibility" name="test_self_card_is_first_in_list" time="0.235" /><testcase classname="backend.tests.test_presence_logic.TestAutoCheckout" name="test_checkin_has_expires_at_field" time="0.376" /><testcase classname="backend.tests.test_presence_logic.TestAutoCheckout" name="test_heartbeat_extends_expiry" time="0.430" /><testcase classname="backend.tests.test_presence_logic.TestCheckoutButton" name="test_checkout_endpoint_works" time="0.118" /><testcase classname="backend.tests.test_presence_logic.TestCheckoutButton" name="test_checkout_clears_checkin" time="0.505" /><testcase classname="backend.tests.test_presence_logic.TestCheckoutButton" name="test_checkout_sets_presence_to_not_here" time="0.333" /><testcase classname="backend.tests.test_presence_logic.TestCurrentCheckinEndpoint" name="test_current_checkin_returns_venue_id" time="0.212" /><testcase classname="backend.tests.test_presence_logic.TestCurrentCheckinEndpoint" name="test_current_checkin_when_not_checked_in" time="0.210" /></testsuite></testsuites>