<?xml version="1.0" encoding="utf-8"?><testsuites name="pytest tests"><testsuite name="pytest" errors="0" failures="0" skipped="0" tests="19" time="9.597" timestamp="2026-04-12T22:13:07.417627+00:00" hostname="agent-env-f7e5acf8-7c70-40b6-840f-2eb5a03f7fa5"><testcase classname="backend.tests.test_friends_management.TestFriendsManagementAPIs" name="test_hide_from_matches_endpoint_exists" time="0.772" /><testcase classname="backend.tests.test_friends_management.TestFriendsManagementAPIs" name="test_hide_from_matches_idempotent" time="0.827" /><testcase classname="backend.tests.test_friends_management.TestFriendsManagementAPIs" name="test_unhide_from_matches_endpoint_exists" time="0.791" /><testcase classname="backend.tests.test_friends_management.TestFriendsManagementAPIs" name="test_unhide_non_hidden_user" time="0.778" /><testcase classname="backend.tests.test_friends_management.TestFriendsManagementAPIs" name="test_get_hidden_from_matches_list" time="0.848" /><testcase classname="backend.tests.test_friends_management.TestFriendsManagementAPIs" name="test_remove_friend_endpoint_exists" time="0.799" /><testcase classname="backend.tests.test_friends_management.TestFriendsManagementAPIs" name="test_friends_list_endpoint" time="0.725" /><testcase classname="backend.tests.test_friends_management.TestFriendsManagementAPIs" name="test_friends_list_structure" time="0.755" /><testcase classname="backend.tests.test_friends_management.TestFriendsManagementAPIs" name="test_hide_unhide_flow" time="0.944" /><testcase classname="backend.tests.test_friends_management.TestFriendsManagementAPIs" name="test_hide_requires_auth" time="0.768" /><testcase classname="backend.tests.test_friends_management.TestFriendsManagementAPIs" name="test_unhide_requires_auth" time="0.776" /><testcase classname="backend.tests.test_friends_management.TestFriendsManagementAPIs" name="test_friends_list_requires_auth" time="0.737" /><testcase classname="backend.tests.test_friends_management.TestFriendsFilterInWhosHere" name="test_friends_filter_option_in_match_filter" time="0.002" /><testcase classname="backend.tests.test_friends_management.TestFriendsFilterInWhosHere" name="test_friends_filter_logic_exists" time="0.001" /><testcase classname="backend.tests.test_friends_management.TestConnectionsPageFriendsTab" name="test_friends_tab_exists" time="0.001" /><testcase classname="backend.tests.test_friends_management.TestConnectionsPageFriendsTab" name="test_hide_friend_button_exists" time="0.001" /><testcase classname="backend.tests.test_friends_management.TestConnectionsPageFriendsTab" name="test_unhide_friend_button_exists" time="0.001" /><testcase classname="backend.tests.test_friends_management.TestConnectionsPageFriendsTab" name="test_remove_friend_button_exists" time="0.001" /><testcase classname="backend.tests.test_friends_management.TestConnectionsPageFriendsTab" name="test_hidden_friends_section_exists" time="0.001" /></testsuite></testsuites>