<?xml version="1.0" encoding="utf-8"?><testsuites name="pytest tests"><testsuite name="pytest" errors="0" failures="0" skipped="0" tests="15" time="7.395" timestamp="2026-03-13T23:01:59.917154+00:00" hostname="agent-env-f7e5acf8-7c70-40b6-840f-2eb5a03f7fa5"><testcase classname="backend.tests.test_google_play_billing.TestGooglePlayStatus" name="test_google_play_status_returns_config" time="0.215" /><testcase classname="backend.tests.test_google_play_billing.TestGooglePlayPurchaseVerification" name="test_verify_purchase_requires_auth" time="0.507" /><testcase classname="backend.tests.test_google_play_billing.TestGooglePlayPurchaseVerification" name="test_verify_token_purchase_test_mode" time="0.745" /><testcase classname="backend.tests.test_google_play_billing.TestGooglePlayPurchaseVerification" name="test_verify_premium_subscription_test_mode" time="0.912" /><testcase classname="backend.tests.test_google_play_billing.TestGooglePlayPurchaseVerification" name="test_verify_unknown_product_fails" time="0.461" /><testcase classname="backend.tests.test_google_play_billing.TestGooglePlayAcknowledge" name="test_acknowledge_works_in_test_mode" time="0.460" /><testcase classname="backend.tests.test_google_play_billing.TestGooglePlayConsume" name="test_consume_works_in_test_mode" time="0.446" /><testcase classname="backend.tests.test_google_play_billing.TestGooglePlaySubscriptionStatus" name="test_subscription_status_requires_auth" time="0.448" /><testcase classname="backend.tests.test_google_play_billing.TestGooglePlaySubscriptionStatus" name="test_subscription_status_no_subscription" time="0.498" /><testcase classname="backend.tests.test_google_play_billing.TestGooglePlaySubscriptionStatus" name="test_subscription_status_after_purchase" time="0.645" /><testcase classname="backend.tests.test_google_play_billing.TestGooglePlayPurchaseHistory" name="test_purchases_requires_auth" time="0.488" /><testcase classname="backend.tests.test_google_play_billing.TestGooglePlayPurchaseHistory" name="test_purchases_empty_for_new_user" time="0.456" /><testcase classname="backend.tests.test_google_play_billing.TestGooglePlayPurchaseHistory" name="test_purchases_shows_purchase_history" time="0.807" /><testcase classname="backend.tests.test_google_play_billing.TestGooglePlayWebhook" name="test_webhook_handles_empty_request" time="0.105" /><testcase classname="backend.tests.test_google_play_billing.TestGooglePlayWebhook" name="test_webhook_handles_invalid_json" time="0.127" /></testsuite></testsuites>