<?xml version="1.0" encoding="utf-8"?><testsuites name="pytest tests"><testsuite name="pytest" errors="0" failures="0" skipped="6" tests="15" time="6.369" timestamp="2026-04-10T22:29:59.716368+00:00" hostname="agent-env-f7e5acf8-7c70-40b6-840f-2eb5a03f7fa5"><testcase classname="backend.tests.test_bulk_delete.TestBulkDeleteEndpoints" name="test_glances_bulk_delete_endpoint_exists" time="0.526" /><testcase classname="backend.tests.test_bulk_delete.TestBulkDeleteEndpoints" name="test_glances_bulk_delete_with_valid_ids" time="0.443"><skipped type="pytest.skip" message="No glances available to test bulk delete">/app/backend/tests/test_bulk_delete.py:58: No glances available to test bulk delete</skipped></testcase><testcase classname="backend.tests.test_bulk_delete.TestBulkDeleteEndpoints" name="test_glances_bulk_delete_with_invalid_ids" time="0.409" /><testcase classname="backend.tests.test_bulk_delete.TestBulkDeleteEndpoints" name="test_icebreakers_bulk_delete_endpoint_exists" time="0.466" /><testcase classname="backend.tests.test_bulk_delete.TestBulkDeleteEndpoints" name="test_icebreakers_bulk_delete_with_valid_ids" time="0.538"><skipped type="pytest.skip" message="No icebreakers available to test bulk delete">/app/backend/tests/test_bulk_delete.py:110: No icebreakers available to test bulk delete</skipped></testcase><testcase classname="backend.tests.test_bulk_delete.TestBulkDeleteEndpoints" name="test_icebreakers_bulk_delete_with_invalid_ids" time="0.392" /><testcase classname="backend.tests.test_bulk_delete.TestBulkDeleteEndpoints" name="test_chat_requests_bulk_delete_endpoint_exists" time="0.379" /><testcase classname="backend.tests.test_bulk_delete.TestBulkDeleteEndpoints" name="test_chat_requests_bulk_delete_with_valid_ids" time="0.377"><skipped type="pytest.skip" message="No chat requests available to test bulk delete">/app/backend/tests/test_bulk_delete.py:162: No chat requests available to test bulk delete</skipped></testcase><testcase classname="backend.tests.test_bulk_delete.TestBulkDeleteEndpoints" name="test_chat_requests_bulk_delete_with_invalid_ids" time="0.433" /><testcase classname="backend.tests.test_bulk_delete.TestBulkDeleteEndpoints" name="test_individual_glance_delete_still_works" time="0.394"><skipped type="pytest.skip" message="No glances available to test individual delete">/app/backend/tests/test_bulk_delete.py:203: No glances available to test individual delete</skipped></testcase><testcase classname="backend.tests.test_bulk_delete.TestBulkDeleteEndpoints" name="test_individual_icebreaker_delete_still_works" time="0.383"><skipped type="pytest.skip" message="No icebreakers available to test individual delete">/app/backend/tests/test_bulk_delete.py:222: No icebreakers available to test individual delete</skipped></testcase><testcase classname="backend.tests.test_bulk_delete.TestBulkDeleteEndpoints" name="test_individual_chat_request_delete_still_works" time="0.381"><skipped type="pytest.skip" message="No chat requests available to test individual delete">/app/backend/tests/test_bulk_delete.py:241: No chat requests available to test individual delete</skipped></testcase><testcase classname="backend.tests.test_bulk_delete.TestBulkDeleteEndpoints" name="test_glances_endpoint_excludes_hidden" time="0.402" /><testcase classname="backend.tests.test_bulk_delete.TestBulkDeleteEndpoints" name="test_icebreakers_endpoint_excludes_hidden" time="0.382" /><testcase classname="backend.tests.test_bulk_delete.TestBulkDeleteEndpoints" name="test_chat_requests_endpoint_excludes_hidden" time="0.392" /></testsuite></testsuites>