<?xml version="1.0" encoding="utf-8"?><testsuites name="pytest tests"><testsuite name="pytest" errors="0" failures="0" skipped="0" tests="10" time="3.153" timestamp="2026-03-13T21:48:50.246846+00:00" hostname="agent-env-f7e5acf8-7c70-40b6-840f-2eb5a03f7fa5"><testcase classname="backend.tests.test_auth_friends.TestForgotPassword" name="test_forgot_password_valid_email" time="0.597" /><testcase classname="backend.tests.test_auth_friends.TestForgotPassword" name="test_forgot_password_invalid_email" time="0.113" /><testcase classname="backend.tests.test_auth_friends.TestForgotPassword" name="test_reset_password_flow" time="0.822" /><testcase classname="backend.tests.test_auth_friends.TestForgotPassword" name="test_reset_password_invalid_token" time="0.150" /><testcase classname="backend.tests.test_auth_friends.TestFriendsAPI" name="test_get_friends_empty_for_new_user" time="0.453" /><testcase classname="backend.tests.test_auth_friends.TestFriendsAPI" name="test_get_friend_requests_empty_for_new_user" time="0.117" /><testcase classname="backend.tests.test_auth_friends.TestFriendsAPI" name="test_friends_endpoint_requires_auth" time="0.133" /><testcase classname="backend.tests.test_auth_friends.TestFriendsAPI" name="test_friend_requests_endpoint_requires_auth" time="0.136" /><testcase classname="backend.tests.test_auth_friends.TestPremiumPageAfterFix" name="test_premium_status_endpoint" time="0.443" /><testcase classname="backend.tests.test_auth_friends.TestPremiumPageAfterFix" name="test_premium_packages_endpoint" time="0.130" /></testsuite></testsuites>