<?xml version="1.0" encoding="utf-8"?><testsuites name="pytest tests"><testsuite name="pytest" errors="0" failures="0" skipped="0" tests="20" time="2.098" timestamp="2026-03-23T22:15:32.107850+00:00" hostname="agent-env-f7e5acf8-7c70-40b6-840f-2eb5a03f7fa5"><testcase classname="backend.tests.test_app_rules.TestAgeGateRegistration" name="test_registration_without_age_confirmation_fails" time="0.239" /><testcase classname="backend.tests.test_app_rules.TestAgeGateRegistration" name="test_registration_with_age_confirmation_succeeds" time="0.274" /><testcase classname="backend.tests.test_app_rules.TestNameValidation" name="test_name_with_phone_number_blocked" time="0.049" /><testcase classname="backend.tests.test_app_rules.TestNameValidation" name="test_name_with_email_blocked" time="0.047" /><testcase classname="backend.tests.test_app_rules.TestNameValidation" name="test_name_with_url_blocked" time="0.047" /><testcase classname="backend.tests.test_app_rules.TestNameValidation" name="test_name_with_social_handle_blocked" time="0.047" /><testcase classname="backend.tests.test_app_rules.TestNameValidation" name="test_valid_name_accepted" time="0.272" /><testcase classname="backend.tests.test_app_rules.TestNameValidation" name="test_name_too_short_rejected" time="0.052" /><testcase classname="backend.tests.test_app_rules.TestNameNonEditable" name="test_name_change_silently_reverted" time="0.366" /><testcase classname="backend.tests.test_app_rules.TestLastActiveFilter" name="test_venue_people_endpoint_accepts_filter_param" time="0.258" /><testcase classname="backend.tests.test_app_rules.TestLastActiveFilter" name="test_filter_now_returns_only_recent_users" time="0.049" /><testcase classname="backend.tests.test_app_rules.TestPremiumSorting" name="test_premium_users_sorted_first" time="0.048" /><testcase classname="backend.tests.test_app_rules.TestClearFromMutualMatches" name="test_clear_endpoint_exists" time="0.064" /><testcase classname="backend.tests.test_app_rules.TestClearFromMutualMatches" name="test_clear_preserves_chat_history" time="0.061" /><testcase classname="backend.tests.test_app_rules.TestClearFromMutualMatches" name="test_clear_requires_authentication" time="0.049" /><testcase classname="backend.tests.test_app_rules.TestMotionBlurCSS" name="test_motion_blur_class_in_css" time="0.000" /><testcase classname="backend.tests.test_app_rules.TestMotionBlurCSS" name="test_motion_blur_reveal_class_in_css" time="0.000" /><testcase classname="backend.tests.test_app_rules.TestMotionBlurCSS" name="test_premium_glow_class_in_css" time="0.000" /><testcase classname="backend.tests.test_app_rules.TestWhoIsHereResponse" name="test_response_includes_is_premium_field" time="0.053" /><testcase classname="backend.tests.test_app_rules.TestWhoIsHereResponse" name="test_response_includes_last_active_field" time="0.054" /></testsuite></testsuites>