<?xml version="1.0" encoding="utf-8"?><testsuites name="pytest tests"><testsuite name="pytest" errors="0" failures="0" skipped="0" tests="12" time="16.946" timestamp="2026-04-06T21:49:53.989194+00:00" hostname="agent-env-f7e5acf8-7c70-40b6-840f-2eb5a03f7fa5"><testcase classname="backend.tests.test_reveal_logic_v2.TestRevealLogicV2" name="test_01_no_interaction_not_revealed" time="1.410" /><testcase classname="backend.tests.test_reveal_logic_v2.TestRevealLogicV2" name="test_02_one_sided_glance_not_revealed" time="1.466" /><testcase classname="backend.tests.test_reveal_logic_v2.TestRevealLogicV2" name="test_03_mutual_glance_reveals_both" time="1.644" /><testcase classname="backend.tests.test_reveal_logic_v2.TestRevealLogicV2" name="test_04_sending_icebreaker_not_revealed" time="1.621" /><testcase classname="backend.tests.test_reveal_logic_v2.TestRevealLogicV2" name="test_05_accepting_icebreaker_reveals_both" time="1.799" /><testcase classname="backend.tests.test_reveal_logic_v2.TestRevealLogicV2" name="test_06_self_card_shows_not_revealed" time="1.303" /><testcase classname="backend.tests.test_reveal_logic_v2.TestRevealLogicV2" name="test_07_message_button_disabled_when_not_revealed" time="1.430" /><testcase classname="backend.tests.test_reveal_logic_v2.TestRevealLogicV2" name="test_08_message_enabled_after_mutual_glance" time="1.563" /><testcase classname="backend.tests.test_reveal_logic_v2.TestRevealLogicV2" name="test_09_message_enabled_after_accepted_icebreaker" time="1.619" /><testcase classname="backend.tests.test_reveal_logic_v2.TestRevealLogicV2" name="test_10_discovery_card_shows_glance_and_icebreaker_pre_reveal" time="1.199" /><testcase classname="backend.tests.test_reveal_logic_v2.TestRevealLogicV2" name="test_11_discovery_card_shows_sent_state" time="1.375" /><testcase classname="backend.tests.test_reveal_logic_v2.TestDemoUserRevealLogic" name="test_demo_user_login_and_discovery" time="0.461" /></testsuite></testsuites>