<?xml version="1.0" encoding="utf-8"?><testsuites name="pytest tests"><testsuite name="pytest" errors="0" failures="0" skipped="0" tests="12" time="2.296" timestamp="2026-03-13T22:35:07.435021+00:00" hostname="agent-env-f7e5acf8-7c70-40b6-840f-2eb5a03f7fa5"><testcase classname="backend.tests.test_push_notifications.TestVapidPublicKey" name="test_vapid_public_key_returns_valid_key" time="0.314" /><testcase classname="backend.tests.test_push_notifications.TestVapidPublicKey" name="test_vapid_key_matches_configured_key" time="0.056" /><testcase classname="backend.tests.test_push_notifications.TestPushSubscription" name="test_subscribe_with_valid_subscription_data" time="0.349" /><testcase classname="backend.tests.test_push_notifications.TestPushSubscription" name="test_subscribe_without_auth_fails" time="0.068" /><testcase classname="backend.tests.test_push_notifications.TestPushSubscription" name="test_subscribe_can_update_existing" time="0.125" /><testcase classname="backend.tests.test_push_notifications.TestPushSettings" name="test_get_push_settings_default" time="0.066" /><testcase classname="backend.tests.test_push_notifications.TestPushSettings" name="test_update_push_settings" time="0.114" /><testcase classname="backend.tests.test_push_notifications.TestPushSettings" name="test_disable_all_notifications" time="0.117" /><testcase classname="backend.tests.test_push_notifications.TestPushUnsubscribe" name="test_unsubscribe_removes_subscription" time="0.120" /><testcase classname="backend.tests.test_push_notifications.TestPushPendingNotifications" name="test_get_pending_notifications" time="0.065" /><testcase classname="backend.tests.test_push_notifications.TestPushNotificationIntegration" name="test_glance_queues_push_notification" time="0.678" /><testcase classname="backend.tests.test_push_notifications.TestServiceWorkerFile" name="test_service_worker_file_accessible" time="0.159" /></testsuite></testsuites>