<?xml version="1.0" encoding="utf-8"?><testsuites name="pytest tests"><testsuite name="pytest" errors="0" failures="0" skipped="0" tests="9" time="3.195" timestamp="2026-04-06T20:58:26.599623+00:00" hostname="agent-env-f7e5acf8-7c70-40b6-840f-2eb5a03f7fa5"><testcase classname="backend.tests.test_gps_enforcement.TestGPSEnforcement" name="test_discovery_not_here_requires_coordinates" time="0.629" /><testcase classname="backend.tests.test_gps_enforcement.TestGPSEnforcement" name="test_discovery_here_requires_coordinates" time="0.125" /><testcase classname="backend.tests.test_gps_enforcement.TestGPSEnforcement" name="test_location_update_saves_coordinates" time="0.195" /><testcase classname="backend.tests.test_gps_enforcement.TestGPSEnforcement" name="test_discovery_works_after_location_update" time="0.562" /><testcase classname="backend.tests.test_gps_enforcement.TestGPSEnforcement" name="test_demo_user_can_access_discovery" time="0.580" /><testcase classname="backend.tests.test_gps_enforcement.TestGPSEnforcement" name="test_demo_user_has_coordinates" time="0.136" /><testcase classname="backend.tests.test_gps_enforcement.TestLocationUpdateEndpoint" name="test_location_update_requires_auth" time="0.119" /><testcase classname="backend.tests.test_gps_enforcement.TestLocationUpdateEndpoint" name="test_location_update_validates_coordinates" time="0.677" /><testcase classname="backend.tests.test_gps_enforcement.TestLocationUpdateEndpoint" name="test_location_update_accepts_valid_coordinates" time="0.110" /></testsuite></testsuites>